The system is: Linux - 5.11.12-300.el7.aarch64 - aarch64
Compiling the CXX compiler identification source file "CMakeCXXCompilerId.cpp" succeeded.
Compiler: /usr/bin/c++ 
Build flags: 
Id flags: 

The output was:
0


Compilation of the CXX compiler identification source "CMakeCXXCompilerId.cpp" produced "a.out"

The CXX compiler identification is GNU, found in "/home/user/webserver/build/Debug/CMakeFiles/2.8.12.2/CompilerIdCXX/a.out"

Determining if the CXX compiler works passed with the following output:
Change Dir: /home/user/webserver/build/Debug/CMakeFiles/CMakeTmp

Run Build Command:/usr/bin/gmake "cmTryCompileExec2129909395/fast"
/usr/bin/gmake -f CMakeFiles/cmTryCompileExec2129909395.dir/build.make CMakeFiles/cmTryCompileExec2129909395.dir/build
gmake[1]: 进入目录“/home/user/webserver/build/Debug/CMakeFiles/CMakeTmp”
/usr/bin/cmake -E cmake_progress_report /home/user/webserver/build/Debug/CMakeFiles/CMakeTmp/CMakeFiles 1
Building CXX object CMakeFiles/cmTryCompileExec2129909395.dir/testCXXCompiler.cxx.o
/usr/bin/c++     -o CMakeFiles/cmTryCompileExec2129909395.dir/testCXXCompiler.cxx.o -c /home/user/webserver/build/Debug/CMakeFiles/CMakeTmp/testCXXCompiler.cxx
Linking CXX executable cmTryCompileExec2129909395
/usr/bin/cmake -E cmake_link_script CMakeFiles/cmTryCompileExec2129909395.dir/link.txt --verbose=1
/usr/bin/c++        CMakeFiles/cmTryCompileExec2129909395.dir/testCXXCompiler.cxx.o  -o cmTryCompileExec2129909395 -rdynamic 
gmake[1]: 离开目录“/home/user/webserver/build/Debug/CMakeFiles/CMakeTmp”


Detecting CXX compiler ABI info compiled with the following output:
Change Dir: /home/user/webserver/build/Debug/CMakeFiles/CMakeTmp

Run Build Command:/usr/bin/gmake "cmTryCompileExec2935526435/fast"
/usr/bin/gmake -f CMakeFiles/cmTryCompileExec2935526435.dir/build.make CMakeFiles/cmTryCompileExec2935526435.dir/build
gmake[1]: 进入目录“/home/user/webserver/build/Debug/CMakeFiles/CMakeTmp”
/usr/bin/cmake -E cmake_progress_report /home/user/webserver/build/Debug/CMakeFiles/CMakeTmp/CMakeFiles 1
Building CXX object CMakeFiles/cmTryCompileExec2935526435.dir/CMakeCXXCompilerABI.cpp.o
/usr/bin/c++     -o CMakeFiles/cmTryCompileExec2935526435.dir/CMakeCXXCompilerABI.cpp.o -c /usr/share/cmake/Modules/CMakeCXXCompilerABI.cpp
Linking CXX executable cmTryCompileExec2935526435
/usr/bin/cmake -E cmake_link_script CMakeFiles/cmTryCompileExec2935526435.dir/link.txt --verbose=1
/usr/bin/c++      -v CMakeFiles/cmTryCompileExec2935526435.dir/CMakeCXXCompilerABI.cpp.o  -o cmTryCompileExec2935526435 -rdynamic  
使用内建 specs。
COLLECT_GCC=/usr/bin/c++
COLLECT_LTO_WRAPPER=/usr/libexec/gcc/aarch64-redhat-linux/4.8.5/lto-wrapper
目标：aarch64-redhat-linux
配置为：../configure --prefix=/usr --mandir=/usr/share/man --infodir=/usr/share/info --with-bugurl=http://bugzilla.redhat.com/bugzilla --enable-bootstrap --enable-shared --enable-threads=posix --enable-checking=release --with-system-zlib --enable-__cxa_atexit --disable-libunwind-exceptions --enable-gnu-unique-object --enable-linker-build-id --with-linker-hash-style=gnu --enable-languages=c,c++,objc,obj-c++,java,fortran,ada,lto --enable-plugin --enable-initfini-array --disable-libgcj --with-isl=/builddir/build/BUILD/gcc-4.8.5-20150702/obj-aarch64-redhat-linux/isl-install --with-cloog=/builddir/build/BUILD/gcc-4.8.5-20150702/obj-aarch64-redhat-linux/cloog-install --enable-gnu-indirect-function --build=aarch64-redhat-linux
线程模型：posix
gcc 版本 4.8.5 20150623 (Red Hat 4.8.5-44) (GCC) 
COMPILER_PATH=/usr/libexec/gcc/aarch64-redhat-linux/4.8.5/:/usr/libexec/gcc/aarch64-redhat-linux/4.8.5/:/usr/libexec/gcc/aarch64-redhat-linux/:/usr/lib/gcc/aarch64-redhat-linux/4.8.5/:/usr/lib/gcc/aarch64-redhat-linux/
LIBRARY_PATH=/usr/lib/gcc/aarch64-redhat-linux/4.8.5/:/usr/lib/gcc/aarch64-redhat-linux/4.8.5/../../../../lib64/:/lib/../lib64/:/usr/lib/../lib64/:/usr/lib/gcc/aarch64-redhat-linux/4.8.5/../../../:/lib/:/usr/lib/
COLLECT_GCC_OPTIONS='-v' '-o' 'cmTryCompileExec2935526435' '-rdynamic' '-shared-libgcc'
 /usr/libexec/gcc/aarch64-redhat-linux/4.8.5/collect2 --build-id --no-add-needed --eh-frame-hdr --hash-style=gnu -export-dynamic -dynamic-linker /lib/ld-linux-aarch64.so.1 -X -o cmTryCompileExec2935526435 /usr/lib/gcc/aarch64-redhat-linux/4.8.5/../../../../lib64/crt1.o /usr/lib/gcc/aarch64-redhat-linux/4.8.5/../../../../lib64/crti.o /usr/lib/gcc/aarch64-redhat-linux/4.8.5/crtbegin.o -L/usr/lib/gcc/aarch64-redhat-linux/4.8.5 -L/usr/lib/gcc/aarch64-redhat-linux/4.8.5/../../../../lib64 -L/lib/../lib64 -L/usr/lib/../lib64 -L/usr/lib/gcc/aarch64-redhat-linux/4.8.5/../../.. CMakeFiles/cmTryCompileExec2935526435.dir/CMakeCXXCompilerABI.cpp.o -lstdc++ -lm -lgcc_s -lgcc -lc -lgcc_s -lgcc /usr/lib/gcc/aarch64-redhat-linux/4.8.5/crtend.o /usr/lib/gcc/aarch64-redhat-linux/4.8.5/../../../../lib64/crtn.o
gmake[1]: 离开目录“/home/user/webserver/build/Debug/CMakeFiles/CMakeTmp”


Parsed CXX implicit link information from above output:
  link line regex: [^( *|.*[/\])(ld|([^/\]+-)?ld|collect2)[^/\]*( |$)]
  ignore line: [Change Dir: /home/user/webserver/build/Debug/CMakeFiles/CMakeTmp]
  ignore line: []
  ignore line: [Run Build Command:/usr/bin/gmake "cmTryCompileExec2935526435/fast"]
  ignore line: [/usr/bin/gmake -f CMakeFiles/cmTryCompileExec2935526435.dir/build.make CMakeFiles/cmTryCompileExec2935526435.dir/build]
  ignore line: [gmake[1]: 进入目录“/home/user/webserver/build/Debug/CMakeFiles/CMakeTmp”]
  ignore line: [/usr/bin/cmake -E cmake_progress_report /home/user/webserver/build/Debug/CMakeFiles/CMakeTmp/CMakeFiles 1]
  ignore line: [Building CXX object CMakeFiles/cmTryCompileExec2935526435.dir/CMakeCXXCompilerABI.cpp.o]
  ignore line: [/usr/bin/c++     -o CMakeFiles/cmTryCompileExec2935526435.dir/CMakeCXXCompilerABI.cpp.o -c /usr/share/cmake/Modules/CMakeCXXCompilerABI.cpp]
  ignore line: [Linking CXX executable cmTryCompileExec2935526435]
  ignore line: [/usr/bin/cmake -E cmake_link_script CMakeFiles/cmTryCompileExec2935526435.dir/link.txt --verbose=1]
  ignore line: [/usr/bin/c++      -v CMakeFiles/cmTryCompileExec2935526435.dir/CMakeCXXCompilerABI.cpp.o  -o cmTryCompileExec2935526435 -rdynamic  ]
  ignore line: [使用内建 specs。]
  ignore line: [COLLECT_GCC=/usr/bin/c++]
  ignore line: [COLLECT_LTO_WRAPPER=/usr/libexec/gcc/aarch64-redhat-linux/4.8.5/lto-wrapper]
  ignore line: [目标：aarch64-redhat-linux]
  ignore line: [配置为：../configure --prefix=/usr --mandir=/usr/share/man --infodir=/usr/share/info --with-bugurl=http://bugzilla.redhat.com/bugzilla --enable-bootstrap --enable-shared --enable-threads=posix --enable-checking=release --with-system-zlib --enable-__cxa_atexit --disable-libunwind-exceptions --enable-gnu-unique-object --enable-linker-build-id --with-linker-hash-style=gnu --enable-languages=c,c++,objc,obj-c++,java,fortran,ada,lto --enable-plugin --enable-initfini-array --disable-libgcj --with-isl=/builddir/build/BUILD/gcc-4.8.5-20150702/obj-aarch64-redhat-linux/isl-install --with-cloog=/builddir/build/BUILD/gcc-4.8.5-20150702/obj-aarch64-redhat-linux/cloog-install --enable-gnu-indirect-function --build=aarch64-redhat-linux]
  ignore line: [线程模型：posix]
  ignore line: [gcc 版本 4.8.5 20150623 (Red Hat 4.8.5-44) (GCC) ]
  ignore line: [COMPILER_PATH=/usr/libexec/gcc/aarch64-redhat-linux/4.8.5/:/usr/libexec/gcc/aarch64-redhat-linux/4.8.5/:/usr/libexec/gcc/aarch64-redhat-linux/:/usr/lib/gcc/aarch64-redhat-linux/4.8.5/:/usr/lib/gcc/aarch64-redhat-linux/]
  ignore line: [LIBRARY_PATH=/usr/lib/gcc/aarch64-redhat-linux/4.8.5/:/usr/lib/gcc/aarch64-redhat-linux/4.8.5/../../../../lib64/:/lib/../lib64/:/usr/lib/../lib64/:/usr/lib/gcc/aarch64-redhat-linux/4.8.5/../../../:/lib/:/usr/lib/]
  ignore line: [COLLECT_GCC_OPTIONS='-v' '-o' 'cmTryCompileExec2935526435' '-rdynamic' '-shared-libgcc']
  link line: [ /usr/libexec/gcc/aarch64-redhat-linux/4.8.5/collect2 --build-id --no-add-needed --eh-frame-hdr --hash-style=gnu -export-dynamic -dynamic-linker /lib/ld-linux-aarch64.so.1 -X -o cmTryCompileExec2935526435 /usr/lib/gcc/aarch64-redhat-linux/4.8.5/../../../../lib64/crt1.o /usr/lib/gcc/aarch64-redhat-linux/4.8.5/../../../../lib64/crti.o /usr/lib/gcc/aarch64-redhat-linux/4.8.5/crtbegin.o -L/usr/lib/gcc/aarch64-redhat-linux/4.8.5 -L/usr/lib/gcc/aarch64-redhat-linux/4.8.5/../../../../lib64 -L/lib/../lib64 -L/usr/lib/../lib64 -L/usr/lib/gcc/aarch64-redhat-linux/4.8.5/../../.. CMakeFiles/cmTryCompileExec2935526435.dir/CMakeCXXCompilerABI.cpp.o -lstdc++ -lm -lgcc_s -lgcc -lc -lgcc_s -lgcc /usr/lib/gcc/aarch64-redhat-linux/4.8.5/crtend.o /usr/lib/gcc/aarch64-redhat-linux/4.8.5/../../../../lib64/crtn.o]
    arg [/usr/libexec/gcc/aarch64-redhat-linux/4.8.5/collect2] ==> ignore
    arg [--build-id] ==> ignore
    arg [--no-add-needed] ==> ignore
    arg [--eh-frame-hdr] ==> ignore
    arg [--hash-style=gnu] ==> ignore
    arg [-export-dynamic] ==> ignore
    arg [-dynamic-linker] ==> ignore
    arg [/lib/ld-linux-aarch64.so.1] ==> ignore
    arg [-X] ==> ignore
    arg [-o] ==> ignore
    arg [cmTryCompileExec2935526435] ==> ignore
    arg [/usr/lib/gcc/aarch64-redhat-linux/4.8.5/../../../../lib64/crt1.o] ==> ignore
    arg [/usr/lib/gcc/aarch64-redhat-linux/4.8.5/../../../../lib64/crti.o] ==> ignore
    arg [/usr/lib/gcc/aarch64-redhat-linux/4.8.5/crtbegin.o] ==> ignore
    arg [-L/usr/lib/gcc/aarch64-redhat-linux/4.8.5] ==> dir [/usr/lib/gcc/aarch64-redhat-linux/4.8.5]
    arg [-L/usr/lib/gcc/aarch64-redhat-linux/4.8.5/../../../../lib64] ==> dir [/usr/lib/gcc/aarch64-redhat-linux/4.8.5/../../../../lib64]
    arg [-L/lib/../lib64] ==> dir [/lib/../lib64]
    arg [-L/usr/lib/../lib64] ==> dir [/usr/lib/../lib64]
    arg [-L/usr/lib/gcc/aarch64-redhat-linux/4.8.5/../../..] ==> dir [/usr/lib/gcc/aarch64-redhat-linux/4.8.5/../../..]
    arg [CMakeFiles/cmTryCompileExec2935526435.dir/CMakeCXXCompilerABI.cpp.o] ==> ignore
    arg [-lstdc++] ==> lib [stdc++]
    arg [-lm] ==> lib [m]
    arg [-lgcc_s] ==> lib [gcc_s]
    arg [-lgcc] ==> lib [gcc]
    arg [-lc] ==> lib [c]
    arg [-lgcc_s] ==> lib [gcc_s]
    arg [-lgcc] ==> lib [gcc]
    arg [/usr/lib/gcc/aarch64-redhat-linux/4.8.5/crtend.o] ==> ignore
    arg [/usr/lib/gcc/aarch64-redhat-linux/4.8.5/../../../../lib64/crtn.o] ==> ignore
  remove lib [gcc_s]
  remove lib [gcc]
  remove lib [gcc_s]
  remove lib [gcc]
  collapse library dir [/usr/lib/gcc/aarch64-redhat-linux/4.8.5] ==> [/usr/lib/gcc/aarch64-redhat-linux/4.8.5]
  collapse library dir [/usr/lib/gcc/aarch64-redhat-linux/4.8.5/../../../../lib64] ==> [/usr/lib64]
  collapse library dir [/lib/../lib64] ==> [/lib64]
  collapse library dir [/usr/lib/../lib64] ==> [/usr/lib64]
  collapse library dir [/usr/lib/gcc/aarch64-redhat-linux/4.8.5/../../..] ==> [/usr/lib]
  implicit libs: [stdc++;m;c]
  implicit dirs: [/usr/lib/gcc/aarch64-redhat-linux/4.8.5;/usr/lib64;/lib64;/usr/lib]
  implicit fwks: []


